<?xml version="1.0" encoding="UTF-8"?>
<!-- Generated by org.testng.reporters.JUnitXMLReporter -->
<testsuite ignored="1" hostname="Moin-Laptop" failures="0" tests="1" name="Default test" time="11.171" errors="0" timestamp="26 Aug 2021 05:23:13 GMT">
  <testcase classname="com.todoist.qa.testclasses.MainPageTest" name="addTaskTest" time="5.049"/>
  <testcase classname="com.todoist.qa.testclasses.MainPageTest" name="markTaskAsCompleteTest" time="0.0">
    <ignored/>
  </testcase> <!-- markTaskAsCompleteTest -->
</testsuite> <!-- Default test -->
