<?xml version="1.0" encoding="UTF-8"?>
<testng-results ignored="1" total="2" passed="1" failed="0" skipped="0">
  <reporter-output>
  </reporter-output>
  <suite started-at="2021-08-26T05:23:02Z" name="Default suite" finished-at="2021-08-26T05:23:13Z" duration-ms="11171">
    <groups>
    </groups>
    <test started-at="2021-08-26T05:23:02Z" name="Default test" finished-at="2021-08-26T05:23:13Z" duration-ms="11171">
      <class name="com.todoist.qa.testclasses.MainPageTest">
        <test-method is-config="true" signature="startTest()[pri:0, instance:com.todoist.qa.testclasses.MainPageTest@6853425f]" started-at="2021-08-26T05:23:02Z" name="startTest" finished-at="2021-08-26T05:23:08Z" duration-ms="6098" status="PASS">
          <reporter-output>
          </reporter-output>
        </test-method> <!-- startTest -->
        <test-method signature="addTaskTest()[pri:1, instance:com.todoist.qa.testclasses.MainPageTest@6853425f]" started-at="2021-08-26T05:23:08Z" name="addTaskTest" finished-at="2021-08-26T05:23:13Z" duration-ms="5049" status="PASS">
          <reporter-output>
          </reporter-output>
        </test-method> <!-- addTaskTest -->
      </class> <!-- com.todoist.qa.testclasses.MainPageTest -->
    </test> <!-- Default test -->
  </suite> <!-- Default suite -->
</testng-results>
